Using pre-set license
Built from '2020.2/release' branch; Version is '2020.2.1f1 (270dd8c3da1c) revision 2559448'; Using compiler version '192528614'; Build Type 'Release'
OS: 'Windows 10  (10.0.0) 64bit' Language: 'fr' Physical Memory: 16260 MB
BatchMode: 1, IsHumanControllingUs: 0, StartBugReporterOnCrash: 0, Is64bit: 1, IsPro: 0

 COMMAND LINE ARGUMENTS:
C:\Program Files\Unity\2020.2.1f1\Editor\Unity.exe
-adb2
-batchMode
-noUpm
-name
AssetImportWorker0
-projectPath
D:/multimedia/Documents/Autre/LégendesUrbaines/Projet/ProtoTactical_Louiz
-logFile
Logs/AssetImportWorker0.log
-srvPort
61360
Successfully changed project path to: D:/multimedia/Documents/Autre/LégendesUrbaines/Projet/ProtoTactical_Louiz
D:/multimedia/Documents/Autre/LégendesUrbaines/Projet/ProtoTactical_Louiz
Using Asset Import Pipeline V2.
Refreshing native plugins compatible for Editor in 30.67 ms, found 0 plugins.
Preloading 0 native plugins for Editor in 0.00 ms.
Initialize engine version: 2020.2.1f1 (270dd8c3da1c)
[Subsystems] Discovering subsystems at path C:/Program Files/Unity/2020.2.1f1/Editor/Data/Resources/UnitySubsystems
[Subsystems] Discovering subsystems at path D:/multimedia/Documents/Autre/LégendesUrbaines/Projet/ProtoTactical_Louiz/Assets
GfxDevice: creating device client; threaded=0
Direct3D:
    Version:  Direct3D 11.0 [level 11.1]
    Renderer: NVIDIA GeForce GTX 1060 (ID=0x1c20)
    Vendor:   
    VRAM:     2987 MB
    Driver:   30.0.14.7111
Initialize mono
Mono path[0] = 'C:/Program Files/Unity/2020.2.1f1/Editor/Data/Managed'
Mono path[1] = 'C:/Program Files/Unity/2020.2.1f1/Editor/Data/MonoBleedingEdge/lib/mono/unityjit'
Mono config path = 'C:/Program Files/Unity/2020.2.1f1/Editor/Data/MonoBleedingEdge/etc'
Using monoOptions --debugger-agent=transport=dt_socket,embedding=1,server=y,suspend=n,address=127.0.0.1:56120
Begin MonoManager ReloadAssembly
Registering precompiled unity dll's ...
Register platform support module: C:/Program Files/Unity/2020.2.1f1/Editor/Data/PlaybackEngines/WindowsStandaloneSupport/UnityEditor.WindowsStandalone.Extensions.dll
Registered in 0.005287 seconds.
Native extension for WindowsStandalone target not found
Refreshing native plugins compatible for Editor in 33.92 ms, found 0 plugins.
Preloading 0 native plugins for Editor in 0.00 ms.
Invoked RoslynAnalysisRunner static constructor.
RoslynAnalysisRunner will not be running.
RoslynAnalysisRunner has terminated.
Mono: successfully reloaded assembly
- Completed reload, in  1.617 seconds
Platform modules already initialized, skipping
Registering precompiled user dll's ...
Registered in 0.001027 seconds.
Begin MonoManager ReloadAssembly
Native extension for WindowsStandalone target not found
Refreshing native plugins compatible for Editor in 0.22 ms, found 0 plugins.
Preloading 0 native plugins for Editor in 0.00 ms.
Invoked RoslynAnalysisRunner static constructor.
RoslynAnalysisRunner will not be running.
RoslynAnalysisRunner has terminated.
Mono: successfully reloaded assembly
- Completed reload, in  1.152 seconds
Platform modules already initialized, skipping
========================================================================
Worker process is ready to serve import requests
Launched and connected shader compiler UnityShaderCompiler.exe after 0.07 seconds
Refreshing native plugins compatible for Editor in 0.22 ms, found 0 plugins.
Preloading 0 native plugins for Editor in 0.00 ms.
Unloading 1074 Unused Serialized files (Serialized files now loaded: 0)
System memory in use before: 55.6 MB.
System memory in use after: 55.6 MB.

Unloading 10 unused Assets to reduce memory usage. Loaded Objects now: 1513.
Total: 2.296400 ms (FindLiveObjects: 0.318400 ms CreateObjectMapping: 0.089900 ms MarkObjects: 1.790700 ms  DeleteObjects: 0.095900 ms)

========================================================================
Received Import Request.
  path: Assets/Scenes/New Folder
  artifactKey: Guid(1d337274a8919d94e9e614bc20f83f54) Importer(815301076,1909f56bfc062723c751e8b465ee728b)
Start importing Assets/Scenes/New Folder using Guid(1d337274a8919d94e9e614bc20f83f54) Importer(815301076,1909f56bfc062723c751e8b465ee728b)  -> (artifact id: '79faf5afda7f2fe3f9b24e5c71557007') in 0.009038 seconds
  Import took 0.012032 seconds .

========================================================================
Received Import Request.
  Time since last request: 6.401419 seconds.
  path: Assets/Scenes/GA
  artifactKey: Guid(1d337274a8919d94e9e614bc20f83f54) Importer(815301076,1909f56bfc062723c751e8b465ee728b)
Start importing Assets/Scenes/GA using Guid(1d337274a8919d94e9e614bc20f83f54) Importer(815301076,1909f56bfc062723c751e8b465ee728b)  -> (artifact id: '7f0c84ddcd4813c190098e812d93830a') in 0.007606 seconds
  Import took 0.011103 seconds .

========================================================================
Received Import Request.
  Time since last request: 13.080962 seconds.
  path: Assets/Scenes/GA/SceneGA01.unity
  artifactKey: Guid(e8547474136406846a529f02bad473ab) Importer(815301076,1909f56bfc062723c751e8b465ee728b)
Start importing Assets/Scenes/GA/SceneGA01.unity using Guid(e8547474136406846a529f02bad473ab) Importer(815301076,1909f56bfc062723c751e8b465ee728b)  -> (artifact id: '8c1e907a0409e7d690bd13d009fe37b7') in 0.020278 seconds
  Import took 0.023405 seconds .

========================================================================
Received Import Request.
  Time since last request: 8.537002 seconds.
  path: Assets
  artifactKey: Guid(00000000000000001000000000000000) Importer(815301076,1909f56bfc062723c751e8b465ee728b)
Start importing Assets using Guid(00000000000000001000000000000000) Importer(815301076,1909f56bfc062723c751e8b465ee728b)  -> (artifact id: 'e1a2c4dac9df7c17871e19a3b74f0e9f') in 0.007214 seconds
  Import took 0.010306 seconds .

========================================================================
Received Import Request.
  Time since last request: 0.001516 seconds.
  path: Assets
  artifactKey: Guid(00000000000000001000000000000000) Importer(815301076,1909f56bfc062723c751e8b465ee728b)
Start importing Assets using Guid(00000000000000001000000000000000) Importer(815301076,1909f56bfc062723c751e8b465ee728b)  -> (artifact id: 'e1a2c4dac9df7c17871e19a3b74f0e9f') in 0.005985 seconds
  Import took 0.008615 seconds .

========================================================================
Received Import Request.
  Time since last request: 3.975762 seconds.
  path: Assets/ART
  artifactKey: Guid(8a88000db113bc443bd0cd96bef8c13f) Importer(815301076,1909f56bfc062723c751e8b465ee728b)
Start importing Assets/ART using Guid(8a88000db113bc443bd0cd96bef8c13f) Importer(815301076,1909f56bfc062723c751e8b465ee728b)  -> (artifact id: 'fd9682adfc9f9114064c0c4a79fe7e41') in 0.010047 seconds
  Import took 0.014620 seconds .

========================================================================
Received Import Request.
  Time since last request: 6.802841 seconds.
  path: Assets/ART/Enviro
  artifactKey: Guid(8a9367d7340cbb2469449fec136a8cb2) Importer(815301076,1909f56bfc062723c751e8b465ee728b)
Start importing Assets/ART/Enviro using Guid(8a9367d7340cbb2469449fec136a8cb2) Importer(815301076,1909f56bfc062723c751e8b465ee728b)  -> (artifact id: '775b597bee9841a6a915f5b6aedc8522') in 0.008940 seconds
  Import took 0.011284 seconds .

========================================================================
Received Import Request.
  Time since last request: 6.100979 seconds.
  path: Assets/ART/Enviro/Combat
  artifactKey: Guid(878fa4bec1bc80c4e8738ab1136406f9) Importer(815301076,1909f56bfc062723c751e8b465ee728b)
Start importing Assets/ART/Enviro/Combat using Guid(878fa4bec1bc80c4e8738ab1136406f9) Importer(815301076,1909f56bfc062723c751e8b465ee728b)  -> (artifact id: 'c7e27fe50ff927d5bbdc40313a3d97ad') in 0.010784 seconds
  Import took 0.013541 seconds .

========================================================================
Received Import Request.
  Time since last request: 0.002019 seconds.
  path: Assets/ART/Enviro/Combat
  artifactKey: Guid(878fa4bec1bc80c4e8738ab1136406f9) Importer(815301076,1909f56bfc062723c751e8b465ee728b)
Start importing Assets/ART/Enviro/Combat using Guid(878fa4bec1bc80c4e8738ab1136406f9) Importer(815301076,1909f56bfc062723c751e8b465ee728b)  -> (artifact id: 'c7e27fe50ff927d5bbdc40313a3d97ad') in 0.006362 seconds
  Import took 0.008848 seconds .

========================================================================
Received Import Request.
  Time since last request: 17.828010 seconds.
  path: Assets/ART/Enviro/Combat/M_Fenetre_01.fbx
  artifactKey: Guid(db920123bbd3b0f4b82ddae594455077) Importer(815301076,1909f56bfc062723c751e8b465ee728b)
Start importing Assets/ART/Enviro/Combat/M_Fenetre_01.fbx using Guid(db920123bbd3b0f4b82ddae594455077) Importer(815301076,1909f56bfc062723c751e8b465ee728b)  -> (artifact id: 'cfe8e7a308c01c87649b0dc3c1188ec0') in 1.070376 seconds
  Import took 1.074186 seconds .

========================================================================
Received Import Request.
  Time since last request: 0.001270 seconds.
  path: Assets/ART/Enviro/Combat/M_Rembarde_01.fbx
  artifactKey: Guid(2c1ba2908297f474cace8cca7e1ec397) Importer(815301076,1909f56bfc062723c751e8b465ee728b)
Start importing Assets/ART/Enviro/Combat/M_Rembarde_01.fbx using Guid(2c1ba2908297f474cace8cca7e1ec397) Importer(815301076,1909f56bfc062723c751e8b465ee728b)  -> (artifact id: 'e79d5a83b880e0482adef014d59bb1a4') in 0.043028 seconds
  Import took 0.046643 seconds .

========================================================================
Received Import Request.
  Time since last request: 0.001449 seconds.
  path: Assets/ART/Enviro/Combat/M_Pillar_01.fbx
  artifactKey: Guid(dab56dbbf98a4ab46abb2a6adbaff1dc) Importer(815301076,1909f56bfc062723c751e8b465ee728b)
Start importing Assets/ART/Enviro/Combat/M_Pillar_01.fbx using Guid(dab56dbbf98a4ab46abb2a6adbaff1dc) Importer(815301076,1909f56bfc062723c751e8b465ee728b)  -> (artifact id: 'a901af610491c3bb8c7631dc645953e1') in 0.027548 seconds
  Import took 0.030909 seconds .

========================================================================
Received Import Request.
  Time since last request: 0.000899 seconds.
  path: Assets/ART/Enviro/Combat/M_Ground_01.fbx
  artifactKey: Guid(80d86f8ce6e4f04469fd5d822c5126d6) Importer(815301076,1909f56bfc062723c751e8b465ee728b)
Start importing Assets/ART/Enviro/Combat/M_Ground_01.fbx using Guid(80d86f8ce6e4f04469fd5d822c5126d6) Importer(815301076,1909f56bfc062723c751e8b465ee728b)  -> (artifact id: '35dbdce4e6c7b84745bb2fc1a96fcaa6') in 0.049988 seconds
  Import took 0.052534 seconds .

========================================================================
Received Import Request.
  Time since last request: 161.495314 seconds.
  path: Assets/ART/Enviro/Combat/Fenetre
  artifactKey: Guid(efb0c90bca0e692488c7a6fd5d973593) Importer(815301076,1909f56bfc062723c751e8b465ee728b)
Start importing Assets/ART/Enviro/Combat/Fenetre using Guid(efb0c90bca0e692488c7a6fd5d973593) Importer(815301076,1909f56bfc062723c751e8b465ee728b)  -> (artifact id: '7e50902cc6280d6ac20e31e4dedc9d26') in 0.008854 seconds
  Import took 0.012769 seconds .

========================================================================
Received Import Request.
  Time since last request: 7.704706 seconds.
  path: Assets/ART/Enviro/Combat/Fenetre/M_Fenetre_01.prefab
  artifactKey: Guid(59a7f7c497e7cae45947d5980b840ab2) Importer(815301076,1909f56bfc062723c751e8b465ee728b)
Start importing Assets/ART/Enviro/Combat/Fenetre/M_Fenetre_01.prefab using Guid(59a7f7c497e7cae45947d5980b840ab2) Importer(815301076,1909f56bfc062723c751e8b465ee728b)  -> (artifact id: '48fddc4b3f4ab04e68a4990e3a6dbc1c') in 0.026482 seconds
  Import took 0.029198 seconds .

========================================================================
Received Import Request.
  Time since last request: 4.597540 seconds.
  path: Assets/ART/Enviro/Combat/Fenetre/M_Fenetre_01.prefab
  artifactKey: Guid(59a7f7c497e7cae45947d5980b840ab2) Importer(815301076,1909f56bfc062723c751e8b465ee728b)
Start importing Assets/ART/Enviro/Combat/Fenetre/M_Fenetre_01.prefab using Guid(59a7f7c497e7cae45947d5980b840ab2) Importer(815301076,1909f56bfc062723c751e8b465ee728b)  -> (artifact id: 'cd08dd3d068b958b51efc888b563229b') in 0.023446 seconds
  Import took 0.027007 seconds .

========================================================================
Received Import Request.
  Time since last request: 78.480921 seconds.
  path: Assets/ART/Enviro/Combat/Ground
  artifactKey: Guid(09961acc7ac489b44958ac4648f73ba0) Importer(815301076,1909f56bfc062723c751e8b465ee728b)
Start importing Assets/ART/Enviro/Combat/Ground using Guid(09961acc7ac489b44958ac4648f73ba0) Importer(815301076,1909f56bfc062723c751e8b465ee728b)  -> (artifact id: '9993b29509665d12f90b087b2f63776c') in 0.017760 seconds
  Import took 0.020565 seconds .

========================================================================
Received Import Request.
  Time since last request: 49.778273 seconds.
  path: Assets/ART/Enviro/Combat/Ground/M_Ground_01.prefab
  artifactKey: Guid(5d970d0b89a444f4a862cb62a799c4a7) Importer(815301076,1909f56bfc062723c751e8b465ee728b)
Start importing Assets/ART/Enviro/Combat/Ground/M_Ground_01.prefab using Guid(5d970d0b89a444f4a862cb62a799c4a7) Importer(815301076,1909f56bfc062723c751e8b465ee728b)  -> (artifact id: '8e66a46e33b19780806872ccf1c49364') in 0.213600 seconds
  Import took 0.216716 seconds .

========================================================================
Received Import Request.
  Time since last request: 9.091598 seconds.
  path: Assets/ART/Enviro/Combat/Ground/Prefab_Ground_01.prefab
  artifactKey: Guid(5d970d0b89a444f4a862cb62a799c4a7) Importer(815301076,1909f56bfc062723c751e8b465ee728b)
Start importing Assets/ART/Enviro/Combat/Ground/Prefab_Ground_01.prefab using Guid(5d970d0b89a444f4a862cb62a799c4a7) Importer(815301076,1909f56bfc062723c751e8b465ee728b)  -> (artifact id: '427df2986aec322e14f22c9be017bbe4') in 0.044533 seconds
  Import took 0.047459 seconds .

========================================================================
Received Import Request.
  Time since last request: 9.545502 seconds.
  path: Assets/ART/Enviro/Combat/Fenetre/Prefab_Fenetre_01.prefab
  artifactKey: Guid(59a7f7c497e7cae45947d5980b840ab2) Importer(815301076,1909f56bfc062723c751e8b465ee728b)
Start importing Assets/ART/Enviro/Combat/Fenetre/Prefab_Fenetre_01.prefab using Guid(59a7f7c497e7cae45947d5980b840ab2) Importer(815301076,1909f56bfc062723c751e8b465ee728b)  -> (artifact id: 'e692c7843a64453c7b24973c252f3b84') in 0.019235 seconds
  Import took 0.022169 seconds .

========================================================================
Received Import Request.
  Time since last request: 161.167246 seconds.
  path: Assets/ART/Enviro/Combat/Pillar
  artifactKey: Guid(fc4cf4e79a887b24a9508e1c049ac35d) Importer(815301076,1909f56bfc062723c751e8b465ee728b)
Start importing Assets/ART/Enviro/Combat/Pillar using Guid(fc4cf4e79a887b24a9508e1c049ac35d) Importer(815301076,1909f56bfc062723c751e8b465ee728b)  -> (artifact id: '7cba8820f207ba2c8c673d8d915ca342') in 0.006763 seconds
  Import took 0.010812 seconds .

========================================================================
Received Import Request.
  Time since last request: 7.541715 seconds.
  path: Assets/ART/Enviro/Combat/Rembarde
  artifactKey: Guid(8bf2b252b3997e24baa327fbe5a259d2) Importer(815301076,1909f56bfc062723c751e8b465ee728b)
Start importing Assets/ART/Enviro/Combat/Rembarde using Guid(8bf2b252b3997e24baa327fbe5a259d2) Importer(815301076,1909f56bfc062723c751e8b465ee728b)  -> (artifact id: '1e5b7cee656706cd4fc0483fb13161b1') in 0.007214 seconds
  Import took 0.010547 seconds .

========================================================================
Received Import Request.
  Time since last request: 79.494326 seconds.
  path: Assets/ART/Enviro/Combat/Pillar/M_Pillar_01.prefab
  artifactKey: Guid(ccfdc39006c76be4bb66d9cb2401546c) Importer(815301076,1909f56bfc062723c751e8b465ee728b)
Start importing Assets/ART/Enviro/Combat/Pillar/M_Pillar_01.prefab using Guid(ccfdc39006c76be4bb66d9cb2401546c) Importer(815301076,1909f56bfc062723c751e8b465ee728b)  -> (artifact id: 'd83329437ae1475711009abd63f24c91') in 0.020538 seconds
  Import took 0.024529 seconds .

========================================================================
Received Import Request.
  Time since last request: 42.676494 seconds.
  path: Assets/ART/Enviro/Combat/Pillar/M_Pillar_01.prefab
  artifactKey: Guid(ccfdc39006c76be4bb66d9cb2401546c) Importer(815301076,1909f56bfc062723c751e8b465ee728b)
Start importing Assets/ART/Enviro/Combat/Pillar/M_Pillar_01.prefab using Guid(ccfdc39006c76be4bb66d9cb2401546c) Importer(815301076,1909f56bfc062723c751e8b465ee728b)  -> (artifact id: 'eb18243b24e48c08483259b83b5d1a35') in 0.020287 seconds
  Import took 0.023478 seconds .

========================================================================
Received Import Request.
  Time since last request: 1.730944 seconds.
  path: Assets/ART/Enviro/Combat/Pillar/M_Pillar_01.prefab
  artifactKey: Guid(ccfdc39006c76be4bb66d9cb2401546c) Importer(815301076,1909f56bfc062723c751e8b465ee728b)
Start importing Assets/ART/Enviro/Combat/Pillar/M_Pillar_01.prefab using Guid(ccfdc39006c76be4bb66d9cb2401546c) Importer(815301076,1909f56bfc062723c751e8b465ee728b)  -> (artifact id: '692fbe60e001ec4fb2af9563cbcbd75b') in 0.136917 seconds
  Import took 0.139900 seconds .

========================================================================
Received Import Request.
  Time since last request: 0.666596 seconds.
  path: Assets/ART/Enviro/Combat/Pillar/M_Pillar_01.prefab
  artifactKey: Guid(ccfdc39006c76be4bb66d9cb2401546c) Importer(815301076,1909f56bfc062723c751e8b465ee728b)
Start importing Assets/ART/Enviro/Combat/Pillar/M_Pillar_01.prefab using Guid(ccfdc39006c76be4bb66d9cb2401546c) Importer(815301076,1909f56bfc062723c751e8b465ee728b)  -> (artifact id: 'e8d33b73c856062a19c68aba29fa8a34') in 0.018848 seconds
  Import took 0.023955 seconds .

========================================================================
Received Import Request.
  Time since last request: 0.978439 seconds.
  path: Assets/ART/Enviro/Combat/Pillar/M_Pillar_01.prefab
  artifactKey: Guid(ccfdc39006c76be4bb66d9cb2401546c) Importer(815301076,1909f56bfc062723c751e8b465ee728b)
Start importing Assets/ART/Enviro/Combat/Pillar/M_Pillar_01.prefab using Guid(ccfdc39006c76be4bb66d9cb2401546c) Importer(815301076,1909f56bfc062723c751e8b465ee728b)  -> (artifact id: '0ddd81d4cf9eab80e656ba782ed08bd6') in 0.019058 seconds
  Import took 0.023520 seconds .

========================================================================
Received Import Request.
  Time since last request: 2.205541 seconds.
  path: Assets/ART/Enviro/Combat/Pillar/M_Pillar_01.prefab
  artifactKey: Guid(ccfdc39006c76be4bb66d9cb2401546c) Importer(815301076,1909f56bfc062723c751e8b465ee728b)
Start importing Assets/ART/Enviro/Combat/Pillar/M_Pillar_01.prefab using Guid(ccfdc39006c76be4bb66d9cb2401546c) Importer(815301076,1909f56bfc062723c751e8b465ee728b)  -> (artifact id: 'd06f34cafb7be9aa61a7585cf6e0a520') in 0.032784 seconds
  Import took 0.035386 seconds .

========================================================================
Received Import Request.
  Time since last request: 0.974134 seconds.
  path: Assets/ART/Enviro/Combat/Pillar/M_Pillar_01.prefab
  artifactKey: Guid(ccfdc39006c76be4bb66d9cb2401546c) Importer(815301076,1909f56bfc062723c751e8b465ee728b)
Start importing Assets/ART/Enviro/Combat/Pillar/M_Pillar_01.prefab using Guid(ccfdc39006c76be4bb66d9cb2401546c) Importer(815301076,1909f56bfc062723c751e8b465ee728b)  -> (artifact id: '1fdfe0d7344bab3537e6227ca51e044e') in 0.021786 seconds
  Import took 0.024873 seconds .

========================================================================
Received Import Request.
  Time since last request: 2.988597 seconds.
  path: Assets/ART/Enviro/Combat/Pillar/M_Pillar_01.prefab
  artifactKey: Guid(ccfdc39006c76be4bb66d9cb2401546c) Importer(815301076,1909f56bfc062723c751e8b465ee728b)
Start importing Assets/ART/Enviro/Combat/Pillar/M_Pillar_01.prefab using Guid(ccfdc39006c76be4bb66d9cb2401546c) Importer(815301076,1909f56bfc062723c751e8b465ee728b)  -> (artifact id: 'b353830533a65c6bf7edb9476c8416af') in 0.023436 seconds
  Import took 0.026280 seconds .

========================================================================
Received Import Request.
  Time since last request: 12.386316 seconds.
  path: Assets/ART/Enviro/Combat/Pillar/M_Pillar_01.prefab
  artifactKey: Guid(ccfdc39006c76be4bb66d9cb2401546c) Importer(815301076,1909f56bfc062723c751e8b465ee728b)
Start importing Assets/ART/Enviro/Combat/Pillar/M_Pillar_01.prefab using Guid(ccfdc39006c76be4bb66d9cb2401546c) Importer(815301076,1909f56bfc062723c751e8b465ee728b)  -> (artifact id: '14d7c07a41f0434ff7cf830291f81e96') in 0.018158 seconds
  Import took 0.021246 seconds .

========================================================================
Received Import Request.
  Time since last request: 0.790351 seconds.
  path: Assets/ART/Enviro/Combat/Pillar/M_Pillar_01.prefab
  artifactKey: Guid(ccfdc39006c76be4bb66d9cb2401546c) Importer(815301076,1909f56bfc062723c751e8b465ee728b)
Start importing Assets/ART/Enviro/Combat/Pillar/M_Pillar_01.prefab using Guid(ccfdc39006c76be4bb66d9cb2401546c) Importer(815301076,1909f56bfc062723c751e8b465ee728b)  -> (artifact id: '8fb62dd1454a674638b773424dccd81c') in 0.017385 seconds
  Import took 0.020689 seconds .

========================================================================
Received Import Request.
  Time since last request: 1.791454 seconds.
  path: Assets/ART/Enviro/Combat/Pillar/M_Pillar_01.prefab
  artifactKey: Guid(ccfdc39006c76be4bb66d9cb2401546c) Importer(815301076,1909f56bfc062723c751e8b465ee728b)
Start importing Assets/ART/Enviro/Combat/Pillar/M_Pillar_01.prefab using Guid(ccfdc39006c76be4bb66d9cb2401546c) Importer(815301076,1909f56bfc062723c751e8b465ee728b)  -> (artifact id: '74f0f1f7fa019f2b85258390483386ff') in 0.018084 seconds
  Import took 0.021566 seconds .

========================================================================
Received Import Request.
  Time since last request: 0.984547 seconds.
  path: Assets/ART/Enviro/Combat/Pillar/M_Pillar_01.prefab
  artifactKey: Guid(ccfdc39006c76be4bb66d9cb2401546c) Importer(815301076,1909f56bfc062723c751e8b465ee728b)
Start importing Assets/ART/Enviro/Combat/Pillar/M_Pillar_01.prefab using Guid(ccfdc39006c76be4bb66d9cb2401546c) Importer(815301076,1909f56bfc062723c751e8b465ee728b)  -> (artifact id: '0a64cb010aae8900f50671c78f80e18b') in 0.020086 seconds
  Import took 0.022561 seconds .

========================================================================
Received Import Request.
  Time since last request: 1.188481 seconds.
  path: Assets/ART/Enviro/Combat/Pillar/M_Pillar_01.prefab
  artifactKey: Guid(ccfdc39006c76be4bb66d9cb2401546c) Importer(815301076,1909f56bfc062723c751e8b465ee728b)
Start importing Assets/ART/Enviro/Combat/Pillar/M_Pillar_01.prefab using Guid(ccfdc39006c76be4bb66d9cb2401546c) Importer(815301076,1909f56bfc062723c751e8b465ee728b)  -> (artifact id: '34f1f67a876a54b090f8432cc160398d') in 0.017813 seconds
  Import took 0.022212 seconds .

========================================================================
Received Import Request.
  Time since last request: 10.505689 seconds.
  path: Assets/ART/Enviro/Combat/Pillar/M_Pillar_01.prefab
  artifactKey: Guid(ccfdc39006c76be4bb66d9cb2401546c) Importer(815301076,1909f56bfc062723c751e8b465ee728b)
Start importing Assets/ART/Enviro/Combat/Pillar/M_Pillar_01.prefab using Guid(ccfdc39006c76be4bb66d9cb2401546c) Importer(815301076,1909f56bfc062723c751e8b465ee728b)  -> (artifact id: 'e30bd38cc6acdee08aa88030c201c02b') in 0.020521 seconds
  Import took 0.023945 seconds .

========================================================================
Received Import Request.
  Time since last request: 1.170919 seconds.
  path: Assets/ART/Enviro/Combat/Pillar/M_Pillar_01.prefab
  artifactKey: Guid(ccfdc39006c76be4bb66d9cb2401546c) Importer(815301076,1909f56bfc062723c751e8b465ee728b)
Start importing Assets/ART/Enviro/Combat/Pillar/M_Pillar_01.prefab using Guid(ccfdc39006c76be4bb66d9cb2401546c) Importer(815301076,1909f56bfc062723c751e8b465ee728b)  -> (artifact id: '7be7a538bbb8f8dfc23240efc73673ca') in 0.022325 seconds
  Import took 0.025359 seconds .

========================================================================
Received Import Request.
  Time since last request: 0.987021 seconds.
  path: Assets/ART/Enviro/Combat/Pillar/M_Pillar_01.prefab
  artifactKey: Guid(ccfdc39006c76be4bb66d9cb2401546c) Importer(815301076,1909f56bfc062723c751e8b465ee728b)
Start importing Assets/ART/Enviro/Combat/Pillar/M_Pillar_01.prefab using Guid(ccfdc39006c76be4bb66d9cb2401546c) Importer(815301076,1909f56bfc062723c751e8b465ee728b)  -> (artifact id: '58c7a1e60744ea0f786be0f450378c99') in 0.018543 seconds
  Import took 0.021723 seconds .

========================================================================
Received Import Request.
  Time since last request: 2.633988 seconds.
  path: Assets/ART/Enviro/Combat/Pillar/M_Pillar_01.prefab
  artifactKey: Guid(ccfdc39006c76be4bb66d9cb2401546c) Importer(815301076,1909f56bfc062723c751e8b465ee728b)
Start importing Assets/ART/Enviro/Combat/Pillar/M_Pillar_01.prefab using Guid(ccfdc39006c76be4bb66d9cb2401546c) Importer(815301076,1909f56bfc062723c751e8b465ee728b)  -> (artifact id: '5be5717f1cca23af99fc46f4ac08ff71') in 0.031959 seconds
  Import took 0.055840 seconds .

========================================================================
Received Import Request.
  Time since last request: 137.645974 seconds.
  path: Assets/ART/Enviro/Combat/Rembarde/M_Rembarde_01.prefab
  artifactKey: Guid(e382278d36d0c6f4c993459f4f70c6c8) Importer(815301076,1909f56bfc062723c751e8b465ee728b)
Start importing Assets/ART/Enviro/Combat/Rembarde/M_Rembarde_01.prefab using Guid(e382278d36d0c6f4c993459f4f70c6c8) Importer(815301076,1909f56bfc062723c751e8b465ee728b)  -> (artifact id: '140ed4a51868c50a0cd30b93fa5e64ef') in 0.019634 seconds
  Import took 0.023201 seconds .

========================================================================
Received Import Request.
  Time since last request: 12.548915 seconds.
  path: Assets/ART/Enviro/Combat/Rembarde/M_Rembarde_01.prefab
  artifactKey: Guid(e382278d36d0c6f4c993459f4f70c6c8) Importer(815301076,1909f56bfc062723c751e8b465ee728b)
Start importing Assets/ART/Enviro/Combat/Rembarde/M_Rembarde_01.prefab using Guid(e382278d36d0c6f4c993459f4f70c6c8) Importer(815301076,1909f56bfc062723c751e8b465ee728b)  -> (artifact id: '198e468cc0b82f800bebdc98fabb3f24') in 0.019251 seconds
  Import took 0.021977 seconds .

========================================================================
Received Import Request.
  Time since last request: 4.206501 seconds.
  path: Assets/ART/Enviro/Combat/Rembarde/M_Rembarde_01.prefab
  artifactKey: Guid(e382278d36d0c6f4c993459f4f70c6c8) Importer(815301076,1909f56bfc062723c751e8b465ee728b)
Start importing Assets/ART/Enviro/Combat/Rembarde/M_Rembarde_01.prefab using Guid(e382278d36d0c6f4c993459f4f70c6c8) Importer(815301076,1909f56bfc062723c751e8b465ee728b)  -> (artifact id: '228fe01ffdfb2f263b8df315312d0686') in 0.019845 seconds
  Import took 0.022739 seconds .

========================================================================
Received Import Request.
  Time since last request: 2.596557 seconds.
  path: Assets/ART/Enviro/Combat/Rembarde/M_Rembarde_01.prefab
  artifactKey: Guid(e382278d36d0c6f4c993459f4f70c6c8) Importer(815301076,1909f56bfc062723c751e8b465ee728b)
Start importing Assets/ART/Enviro/Combat/Rembarde/M_Rembarde_01.prefab using Guid(e382278d36d0c6f4c993459f4f70c6c8) Importer(815301076,1909f56bfc062723c751e8b465ee728b)  -> (artifact id: 'cc6a3bda84c33816ec6cc05ddada9867') in 0.019012 seconds
  Import took 0.022233 seconds .

========================================================================
Received Import Request.
  Time since last request: 3.002051 seconds.
  path: Assets/ART/Enviro/Combat/Rembarde/M_Rembarde_01.prefab
  artifactKey: Guid(e382278d36d0c6f4c993459f4f70c6c8) Importer(815301076,1909f56bfc062723c751e8b465ee728b)
Start importing Assets/ART/Enviro/Combat/Rembarde/M_Rembarde_01.prefab using Guid(e382278d36d0c6f4c993459f4f70c6c8) Importer(815301076,1909f56bfc062723c751e8b465ee728b)  -> (artifact id: 'f83e12c43c89529e73b260b5734beb68') in 0.019475 seconds
  Import took 0.023091 seconds .

AssetImportWorkerClient::OnTransportError - code=2 error=End of file
